[INFO] Disabling enhanced local repository: using legacy is strongly discouraged to ensure build reproducibility.
[INFO] Scanning for projects...
[INFO] 
[INFO] ---------< org.example.wokamoto_project.job:LogLevel_Trace01 >----------
[INFO] Building WOKAMOTO_PROJECT LogLevel_Trace01-0.1.1 (0.1,ジョブ) 0.1.1
[INFO] --------------------------------[ jar ]---------------------------------
[WARNING] The POM for org.apache.commons:commons-lang3:jar:3.8.1 is missing, no dependency information available
[WARNING] The POM for org.dom4j:dom4j:jar:2.1.1 is missing, no dependency information available
[WARNING] The POM for org.apache.logging.log4j:log4j-api:jar:2.12.1 is missing, no dependency information available
[WARNING] The POM for org.apache.logging.log4j:log4j-core:jar:2.12.1 is missing, no dependency information available
[WARNING] The POM for org.apache.logging.log4j:log4j-slf4j-impl:jar:2.12.1 is missing, no dependency information available
[INFO] 
[INFO] --- builder-maven-plugin:7.3.1:generate (default) @ LogLevel_Trace01 ---
[INFO] Skipping ci-builder
[INFO] 
[INFO] --- maven-resources-plugin:3.0.2:resources (default-resources) @ LogLevel_Trace01 ---
[WARNING] Using platform encoding (UTF-8 actually) to copy filtered resources, i.e. build is platform dependent!
[INFO] Copying 3 resources
[INFO] 
[INFO] --- maven-compiler-plugin:3.6.1:compile (default-compile) @ LogLevel_Trace01 ---
[WARNING] The POM for org.eclipse.platform:org.eclipse.osgi:jar:3.13.300 is missing, no dependency information available
[WARNING] The POM for org.apache.commons:commons-exec:jar:1.2 is missing, no dependency information available
[INFO] Not compiling main sources
[INFO] 
[INFO] --- maven-resources-plugin:3.0.2:testResources (default-testResources) @ LogLevel_Trace01 ---
[INFO] Not copying test resources
[INFO] 
[INFO] --- maven-compiler-plugin:3.6.1:testCompile (default-testCompile) @ LogLevel_Trace01 ---
[INFO] Not compiling test sources
[INFO] 
[INFO] --- maven-surefire-plugin:2.20:test (default-test) @ LogLevel_Trace01 ---
[INFO] Tests are skipped.
[INFO] 
[INFO] --- maven-jar-plugin:3.0.2:jar (default-jar) @ LogLevel_Trace01 ---
[INFO] Building jar: C:\Users\wokamoto\workspace\.repositories\1778476890\master\WOKAMOTO_PROJECT\poms\jobs\process\Misumi\No10_LogLevel\loglevel_trace01_0.1\target\loglevel_trace01_0_1.jar
[INFO] 
[INFO] --- maven-assembly-plugin:3.0.0:single (default) @ LogLevel_Trace01 ---
[INFO] Reading assembly descriptor: C:\Users\wokamoto\workspace\.repositories\1778476890\master\WOKAMOTO_PROJECT\poms\jobs\process\Misumi\No10_LogLevel\loglevel_trace01_0.1/src/main/assemblies/assembly.xml
[WARNING] Missing POM for org.apache.commons:commons-lang3:jar:3.8.1
[WARNING] Missing POM for org.dom4j:dom4j:jar:2.1.1
[WARNING] Missing POM for org.apache.logging.log4j:log4j-api:jar:2.12.1
[WARNING] Missing POM for org.apache.logging.log4j:log4j-core:jar:2.12.1
[WARNING] Missing POM for org.apache.logging.log4j:log4j-slf4j-impl:jar:2.12.1
[INFO] Building zip: C:\Users\wokamoto\workspace\.repositories\1778476890\master\WOKAMOTO_PROJECT\poms\jobs\process\Misumi\No10_LogLevel\loglevel_trace01_0.1\target\loglevel_trace01_0_1.zip
[INFO] 
[INFO] --- signer-maven-plugin:7.3.1:sign (sign) @ LogLevel_Trace01 ---
[INFO] Start to sign the job artifact
[INFO] Start to sign artifact, the source file is loglevel_trace01_0_1.zip and target file is loglevel_trace01_0_1_sign_.zip
[INFO] ------------------------------------------------------------------------
[INFO] BUILD SUCCESS
[INFO] ------------------------------------------------------------------------
[INFO] Total time: 2.194 s
[INFO] Finished at: 2021-05-11T14:50:25+09:00
[INFO] ------------------------------------------------------------------------
